1555737611.280266 client started (33225): version 2.8, socket /private/tmp/tmux-502/default, protocol 8
1555737611.280323 on Darwin 18.5.0 Darwin Kernel Version 18.5.0: Mon Mar 11 20:40:32 PDT 2019; root:xnu-4903.251.3~3/RELEASE_X86_64; libevent 2.1.8-stable (select)
1555737611.280375 socket is /private/tmp/tmux-502/default
1555737611.280401 trying connect
1555737611.280499 add peer 0x10bdaf000: 6 (0x0)
1555737611.283266 sending message 100 to peer 0x10bdaf000 (4 bytes)
1555737611.283293 sending message 101 to peer 0x10bdaf000 (7 bytes)
1555737611.283307 sending message 102 to peer 0x10bdaf000 (13 bytes)
1555737611.283320 sending message 108 to peer 0x10bdaf000 (25 bytes)
1555737611.283342 sending message 104 to peer 0x10bdaf000 (0 bytes)
1555737611.283355 sending message 107 to peer 0x10bdaf000 (4 bytes)
1555737611.283366 sending message 105 to peer 0x10bdaf000 (83 bytes)
1555737611.283378 sending message 105 to peer 0x10bdaf000 (76 bytes)
1555737611.283390 sending message 105 to peer 0x10bdaf000 (20 bytes)
1555737611.283401 sending message 105 to peer 0x10bdaf000 (75 bytes)
1555737611.283412 sending message 105 to peer 0x10bdaf000 (756 bytes)
1555737611.283423 sending message 105 to peer 0x10bdaf000 (20 bytes)
1555737611.283435 sending message 105 to peer 0x10bdaf000 (17 bytes)
1555737611.283446 sending message 105 to peer 0x10bdaf000 (21 bytes)
1555737611.283458 sending message 105 to peer 0x10bdaf000 (8 bytes)
1555737611.283470 sending message 105 to peer 0x10bdaf000 (16 bytes)
1555737611.283480 sending message 105 to peer 0x10bdaf000 (32 bytes)
1555737611.283492 sending message 105 to peer 0x10bdaf000 (37 bytes)
1555737611.283502 sending message 105 to peer 0x10bdaf000 (11 bytes)
1555737611.283514 sending message 105 to peer 0x10bdaf000 (232 bytes)
1555737611.283525 sending message 105 to peer 0x10bdaf000 (10 bytes)
1555737611.283537 sending message 105 to peer 0x10bdaf000 (29 bytes)
1555737611.283548 sending message 105 to peer 0x10bdaf000 (33 bytes)
1555737611.283559 sending message 105 to peer 0x10bdaf000 (16 bytes)
1555737611.283570 sending message 105 to peer 0x10bdaf000 (25 bytes)
1555737611.283581 sending message 105 to peer 0x10bdaf000 (8 bytes)
1555737611.283592 sending message 105 to peer 0x10bdaf000 (66 bytes)
1555737611.283603 sending message 105 to peer 0x10bdaf000 (12 bytes)
1555737611.283615 sending message 105 to peer 0x10bdaf000 (57 bytes)
1555737611.283626 sending message 105 to peer 0x10bdaf000 (43 bytes)
1555737611.283637 sending message 105 to peer 0x10bdaf000 (14 bytes)
1555737611.283648 sending message 105 to peer 0x10bdaf000 (13 bytes)
1555737611.283659 sending message 105 to peer 0x10bdaf000 (14 bytes)
1555737611.283671 sending message 105 to peer 0x10bdaf000 (19 bytes)
1555737611.283683 sending message 105 to peer 0x10bdaf000 (36 bytes)
1555737611.283695 sending message 105 to peer 0x10bdaf000 (44 bytes)
1555737611.283706 sending message 105 to peer 0x10bdaf000 (49 bytes)
1555737611.283716 sending message 105 to peer 0x10bdaf000 (46 bytes)
1555737611.283728 sending message 105 to peer 0x10bdaf000 (33 bytes)
1555737611.283739 sending message 105 to peer 0x10bdaf000 (50 bytes)
1555737611.283750 sending message 105 to peer 0x10bdaf000 (29 bytes)
1555737611.283761 sending message 105 to peer 0x10bdaf000 (29 bytes)
1555737611.283770 sending message 105 to peer 0x10bdaf000 (21 bytes)
1555737611.283780 sending message 105 to peer 0x10bdaf000 (40 bytes)
1555737611.283790 sending message 105 to peer 0x10bdaf000 (33 bytes)
1555737611.283799 sending message 105 to peer 0x10bdaf000 (17 bytes)
1555737611.283809 sending message 105 to peer 0x10bdaf000 (21 bytes)
1555737611.283819 sending message 105 to peer 0x10bdaf000 (30 bytes)
1555737611.283828 sending message 105 to peer 0x10bdaf000 (50 bytes)
1555737611.283838 sending message 105 to peer 0x10bdaf000 (25 bytes)
1555737611.283848 sending message 105 to peer 0x10bdaf000 (38 bytes)
1555737611.283857 sending message 105 to peer 0x10bdaf000 (35 bytes)
1555737611.283867 sending message 105 to peer 0x10bdaf000 (42 bytes)
1555737611.283877 sending message 105 to peer 0x10bdaf000 (21 bytes)
1555737611.283899 sending message 105 to peer 0x10bdaf000 (38 bytes)
1555737611.283907 sending message 105 to peer 0x10bdaf000 (22 bytes)
1555737611.283914 sending message 106 to peer 0x10bdaf000 (0 bytes)
1555737611.283925 sending message 200 to peer 0x10bdaf000 (4 bytes)
1555737611.283933 client loop enter
1555737611.284311 peer 0x10bdaf000 message 211
1555737611.284334 client_write: sessions should be nested with care, unset $TMUX to force\n
1555737611.284359 peer 0x10bdaf000 message 203
1555737611.284368 client loop exit
