1555737613.818677 client started (33266): version 2.8, socket /private/tmp/tmux-502/default, protocol 8
1555737613.818734 on Darwin 18.5.0 Darwin Kernel Version 18.5.0: Mon Mar 11 20:40:32 PDT 2019; root:xnu-4903.251.3~3/RELEASE_X86_64; libevent 2.1.8-stable (select)
1555737613.818786 socket is /private/tmp/tmux-502/default
1555737613.818811 trying connect
1555737613.818905 add peer 0x10d1c0000: 6 (0x0)
1555737613.821856 sending message 100 to peer 0x10d1c0000 (4 bytes)
1555737613.821880 sending message 101 to peer 0x10d1c0000 (7 bytes)
1555737613.821893 sending message 102 to peer 0x10d1c0000 (13 bytes)
1555737613.821903 sending message 108 to peer 0x10d1c0000 (25 bytes)
1555737613.821923 sending message 104 to peer 0x10d1c0000 (0 bytes)
1555737613.821934 sending message 107 to peer 0x10d1c0000 (4 bytes)
1555737613.821944 sending message 105 to peer 0x10d1c0000 (83 bytes)
1555737613.821954 sending message 105 to peer 0x10d1c0000 (76 bytes)
1555737613.821964 sending message 105 to peer 0x10d1c0000 (20 bytes)
1555737613.821974 sending message 105 to peer 0x10d1c0000 (75 bytes)
1555737613.821984 sending message 105 to peer 0x10d1c0000 (756 bytes)
1555737613.821994 sending message 105 to peer 0x10d1c0000 (20 bytes)
1555737613.822004 sending message 105 to peer 0x10d1c0000 (17 bytes)
1555737613.822014 sending message 105 to peer 0x10d1c0000 (21 bytes)
1555737613.822024 sending message 105 to peer 0x10d1c0000 (8 bytes)
1555737613.822034 sending message 105 to peer 0x10d1c0000 (16 bytes)
1555737613.822044 sending message 105 to peer 0x10d1c0000 (32 bytes)
1555737613.822054 sending message 105 to peer 0x10d1c0000 (37 bytes)
1555737613.822064 sending message 105 to peer 0x10d1c0000 (11 bytes)
1555737613.822074 sending message 105 to peer 0x10d1c0000 (232 bytes)
1555737613.822084 sending message 105 to peer 0x10d1c0000 (10 bytes)
1555737613.822094 sending message 105 to peer 0x10d1c0000 (29 bytes)
1555737613.822104 sending message 105 to peer 0x10d1c0000 (33 bytes)
1555737613.822114 sending message 105 to peer 0x10d1c0000 (16 bytes)
1555737613.822124 sending message 105 to peer 0x10d1c0000 (25 bytes)
1555737613.822134 sending message 105 to peer 0x10d1c0000 (8 bytes)
1555737613.822143 sending message 105 to peer 0x10d1c0000 (66 bytes)
1555737613.822153 sending message 105 to peer 0x10d1c0000 (12 bytes)
1555737613.822163 sending message 105 to peer 0x10d1c0000 (57 bytes)
1555737613.822173 sending message 105 to peer 0x10d1c0000 (43 bytes)
1555737613.822183 sending message 105 to peer 0x10d1c0000 (14 bytes)
1555737613.822193 sending message 105 to peer 0x10d1c0000 (13 bytes)
1555737613.822203 sending message 105 to peer 0x10d1c0000 (14 bytes)
1555737613.822213 sending message 105 to peer 0x10d1c0000 (19 bytes)
1555737613.822223 sending message 105 to peer 0x10d1c0000 (36 bytes)
1555737613.822232 sending message 105 to peer 0x10d1c0000 (44 bytes)
1555737613.822242 sending message 105 to peer 0x10d1c0000 (49 bytes)
1555737613.822252 sending message 105 to peer 0x10d1c0000 (46 bytes)
1555737613.822262 sending message 105 to peer 0x10d1c0000 (33 bytes)
1555737613.822272 sending message 105 to peer 0x10d1c0000 (50 bytes)
1555737613.822282 sending message 105 to peer 0x10d1c0000 (29 bytes)
1555737613.822292 sending message 105 to peer 0x10d1c0000 (29 bytes)
1555737613.822302 sending message 105 to peer 0x10d1c0000 (21 bytes)
1555737613.822311 sending message 105 to peer 0x10d1c0000 (40 bytes)
1555737613.822321 sending message 105 to peer 0x10d1c0000 (33 bytes)
1555737613.822331 sending message 105 to peer 0x10d1c0000 (17 bytes)
1555737613.822341 sending message 105 to peer 0x10d1c0000 (21 bytes)
1555737613.822351 sending message 105 to peer 0x10d1c0000 (30 bytes)
1555737613.822361 sending message 105 to peer 0x10d1c0000 (50 bytes)
1555737613.822371 sending message 105 to peer 0x10d1c0000 (25 bytes)
1555737613.822381 sending message 105 to peer 0x10d1c0000 (38 bytes)
1555737613.822391 sending message 105 to peer 0x10d1c0000 (35 bytes)
1555737613.822401 sending message 105 to peer 0x10d1c0000 (42 bytes)
1555737613.822410 sending message 105 to peer 0x10d1c0000 (21 bytes)
1555737613.822433 sending message 105 to peer 0x10d1c0000 (38 bytes)
1555737613.822440 sending message 105 to peer 0x10d1c0000 (22 bytes)
1555737613.822447 sending message 106 to peer 0x10d1c0000 (0 bytes)
1555737613.822458 sending message 200 to peer 0x10d1c0000 (4 bytes)
1555737613.822465 client loop enter
1555737613.822892 peer 0x10d1c0000 message 211
1555737613.822914 client_write: sessions should be nested with care, unset $TMUX to force\n
1555737613.822938 peer 0x10d1c0000 message 203
1555737613.822947 client loop exit
